<?xml version="1.0" encoding="UTF-8"?>
<robot generator="Robot 4.1.2 (Python 3.10.0 on win32)" generated="20211027 00:48:03.139" rpa="false" schemaversion="2">
<suite id="s1" name="Createnewuser" source="C:\Users\OWNER\PycharmProjects\NewProjectFB\TestSuite\FacebookAutomation\FunctionalTests\Createnewuser.robot">
<test id="s1-t1" name="Verify new user creation functionality for facebook">
<kw name="Create a New User" library="facebookresource">
<kw name="Open Browser" library="SeleniumLibrary">
<arg>${URL}</arg>
<arg>${BROWSER}</arg>
<doc>Opens a new browser instance to the optional ``url``.</doc>
<msg timestamp="20211027 00:48:03.540" level="INFO">Opening browser 'chrome' to base url 'https://facebook.com/'.</msg>
<status status="PASS" starttime="20211027 00:48:03.539" endtime="20211027 00:48:07.719"/>
</kw>
<kw name="Maximize Browser Window" library="SeleniumLibrary">
<doc>Maximizes current browser window.</doc>
<status status="PASS" starttime="20211027 00:48:07.720" endtime="20211027 00:48:08.083"/>
</kw>
<kw name="Set Browser Implicit Wait" library="SeleniumLibrary">
<arg>10s</arg>
<doc>Sets the implicit wait value used by Selenium.</doc>
<status status="PASS" starttime="20211027 00:48:08.083" endtime="20211027 00:48:08.087"/>
</kw>
<kw name="Click Button" library="SeleniumLibrary">
<arg>xpath://*[@id="u_0_j_E1"]</arg>
<doc>Clicks the button identified by ``locator``.</doc>
<msg timestamp="20211027 00:48:08.088" level="INFO">Clicking button 'xpath://*[@id="u_0_j_E1"]'.</msg>
<kw name="Capture Page Screenshot" library="SeleniumLibrary">
<doc>Takes a screenshot of the current page and embeds it into a log file.</doc>
<msg timestamp="20211027 00:48:28.314" level="INFO" html="true">&lt;/td&gt;&lt;/tr&gt;&lt;tr&gt;&lt;td colspan="3"&gt;&lt;a href="selenium-screenshot-16.png"&gt;&lt;img src="selenium-screenshot-16.png" width="800px"&gt;&lt;/a&gt;</msg>
<status status="PASS" starttime="20211027 00:48:28.142" endtime="20211027 00:48:28.315"/>
</kw>
<msg timestamp="20211027 00:48:28.324" level="FAIL">Button with locator 'xpath://*[@id="u_0_j_E1"]' not found.</msg>
<status status="FAIL" starttime="20211027 00:48:08.087" endtime="20211027 00:48:28.324"/>
</kw>
<kw name="Click Element" library="SeleniumLibrary">
<arg>${CREATE_NEW_USER}</arg>
<doc>Click the element identified by ``locator``.</doc>
<status status="NOT RUN" starttime="20211027 00:48:28.324" endtime="20211027 00:48:28.324"/>
</kw>
<status status="FAIL" starttime="20211027 00:48:03.539" endtime="20211027 00:48:28.325"/>
</kw>
<kw name="Enter First name" library="facebookresource">
<status status="NOT RUN" starttime="20211027 00:48:28.326" endtime="20211027 00:48:28.326"/>
</kw>
<kw name="Enter Last name" library="facebookresource">
<status status="NOT RUN" starttime="20211027 00:48:28.326" endtime="20211027 00:48:28.327"/>
</kw>
<kw name="Enter email to create new user" library="facebookresource">
<status status="NOT RUN" starttime="20211027 00:48:28.327" endtime="20211027 00:48:28.327"/>
</kw>
<kw name="Enter Email" library="facebookresource">
<status status="NOT RUN" starttime="20211027 00:48:28.327" endtime="20211027 00:48:28.327"/>
</kw>
<kw name="Enter New Password" library="facebookresource">
<status status="NOT RUN" starttime="20211027 00:48:28.328" endtime="20211027 00:48:28.328"/>
</kw>
<kw name="Select User Birthday" library="facebookresource">
<status status="NOT RUN" starttime="20211027 00:48:28.328" endtime="20211027 00:48:28.328"/>
</kw>
<kw name="Select Gender" library="facebookresource">
<status status="NOT RUN" starttime="20211027 00:48:28.328" endtime="20211027 00:48:28.328"/>
</kw>
<kw name="Click on Sign Up" library="facebookresource">
<status status="NOT RUN" starttime="20211027 00:48:28.329" endtime="20211027 00:48:28.329"/>
</kw>
<doc>This test case verifies basic new user creation</doc>
<tag>Functional</tag>
<status status="FAIL" starttime="20211027 00:48:03.537" endtime="20211027 00:48:28.330">Button with locator 'xpath://*[@id="u_0_j_E1"]' not found.</status>
</test>
<kw name="Close All Browsers" library="SeleniumLibrary" type="TEARDOWN">
<doc>Closes all open browsers and resets the browser cache.</doc>
<status status="PASS" starttime="20211027 00:48:28.335" endtime="20211027 00:48:30.800"/>
</kw>
<doc>Creating New User Functionality</doc>
<status status="FAIL" starttime="20211027 00:48:03.143" endtime="20211027 00:48:30.800"/>
</suite>
<statistics>
<total>
<stat pass="0" fail="1" skip="0">All Tests</stat>
</total>
<tag>
<stat pass="0" fail="1" skip="0">Functional</stat>
</tag>
<suite>
<stat pass="0" fail="1" skip="0" id="s1" name="Createnewuser">Createnewuser</stat>
</suite>
</statistics>
<errors>
</errors>
</robot>
